Arguments: 
  /Users/free_wd/.nvm/versions/node/v10.10.0/bin/node /usr/local/bin/yarn add -D --registry=https://registry.npm.taobao.org --disturl=https://npm.taobao.org/dist vue-cli-plugin-01-component

PATH: 
  /Users/free_wd/Documents/GitHub/JS_DEMO/js-练手/vue/node_modules/.bin:/Users/free_wd/Documents/GitHub/JS_DEMO/js-练手/node_modules/.bin:/Users/free_wd/Documents/GitHub/JS_DEMO/node_modules/.bin:/Users/free_wd/Documents/GitHub/node_modules/.bin:/Users/free_wd/Documents/node_modules/.bin:/Users/free_wd/node_modules/.bin:/Users/node_modules/.bin:/node_modules/.bin:/Users/free_wd/.nvm/versions/node/v10.10.0/bin:/Users/free_wd/.nvm/versions/node/v10.10.0/bin:/usr/local/bin:/usr/bin:/bin:/usr/sbin:/sbin:/Users/free_wd/.nvm/versions/node/v10.10.0/bin:/usr/local/mysql/bin:/usr/local/apache-maven-3.6.0/bin:/Library/Java/JavaVirtualMachines/jdk1.8.0_201.jdk/Contents/Home/bin:/Users/free_wd/development/flutter/bin:/usr/local/mysql/bin:/usr/local/apache-maven-3.6.0/bin:/Library/Java/JavaVirtualMachines/jdk1.8.0_201.jdk/Contents/Home/bin:/Users/free_wd/development/flutter/bin

Yarn version: 
  1.16.0

Node version: 
  10.10.0

Platform: 
  darwin x64

Trace: 
  Error: https://registry.npm.taobao.org/vue-cli-plugin-01-component: Not found
      at Request.params.callback [as _callback] (/usr/local/lib/node_modules/yarn/lib/cli.js:66091:18)
      at Request.self.callback (/usr/local/lib/node_modules/yarn/lib/cli.js:129590:22)
      at Request.emit (events.js:182:13)
      at Request.<anonymous> (/usr/local/lib/node_modules/yarn/lib/cli.js:130562:10)
      at Request.emit (events.js:182:13)
      at IncomingMessage.<anonymous> (/usr/local/lib/node_modules/yarn/lib/cli.js:130484:12)
      at Object.onceWrapper (events.js:273:13)
      at IncomingMessage.emit (events.js:187:15)
      at endReadableNT (_stream_readable.js:1092:12)
      at process._tickCallback (internal/process/next_tick.js:63:19)

npm manifest: 
  {
    "dependencies": {
      "bootstrap": "3"
    },
    "devDependencies": {
      "eslint": "^6.3.0",
      "eslint-config-google": "^0.13.0"
    }
  }

yarn manifest: 
  No manifest

Lockfile: 
  # THIS IS AN AUTOGENERATED FILE. DO NOT EDIT THIS FILE DIRECTLY.
  # yarn lockfile v1
  
  
  bootstrap@3:
    version "3.4.1"
    resolved "https://registry.npm.taobao.org/bootstrap/download/bootstrap-3.4.1.tgz#c3a347d419e289ad11f4033e3c4132b87c081d72"
    integrity sha1-w6NH1Bniia0R9AM+PEEyuHwIHXI=
